<?xml version="1.0" encoding="UTF-8"?>
<testsuite name="org.example.LibraryTest" tests="1" skipped="0" failures="0" errors="0" timestamp="2024-06-24T01:51:53" hostname="MacBook-Pro.T-mobile.com" time="0.013">
  <properties/>
  <testcase name="someLibraryMethodReturnsTrue()" classname="org.example.LibraryTest" time="0.013"/>
  <system-out><![CDATA[]]></system-out>
  <system-err><![CDATA[]]></system-err>
</testsuite>
